<?xml version="1.0" encoding="UTF-8"?>
<!-- Generated by org.testng.reporters.JUnitReportReporter -->
<testsuite hostname="JaWuans-MacBook-Air.local" failures="0" tests="1" name="tests.SVT3ProTest" time="18.083" errors="0" timestamp="2022-06-04T15:01:34 EDT" skipped="0">
  <testcase classname="tests.SVT3ProTest" name="canLoadSVT3ProDetails" time="18.083"/>
  <system-out/>
</testsuite> <!-- tests.SVT3ProTest -->
