<?xml version="1.0" encoding="UTF-8"?>
<!-- Generated by org.testng.reporters.JUnitReportReporter -->
<testsuite hostname="JaWuans-MacBook-Air.local" failures="0" tests="1" name="tests.BackHome" time="22.820" errors="0" timestamp="2022-06-04T19:26:08 EDT" skipped="0">
  <testcase classname="tests.BackHome" name="goBackToHomePage" time="22.820"/>
  <system-out/>
</testsuite> <!-- tests.BackHome -->
