<?xml version="1.0" encoding="UTF-8"?>
<!-- Generated by org.testng.reporters.JUnitReportReporter -->
<testsuite hostname="JaWuans-MacBook-Air.local" failures="0" tests="1" name="tests.ClassicSeriesPageTest" time="15.753" errors="0" timestamp="2022-06-04T18:19:17 EDT" skipped="0">
  <testcase classname="tests.ClassicSeriesPageTest" name="goToClassicSeriesPage" time="15.753"/>
  <system-out/>
</testsuite> <!-- tests.ClassicSeriesPageTest -->
